[ 2015-09-19T08:59:59+08:00 ] ::1 /thinkPHP/upload_img/index.php/index/uploadify
INFO: [ app_init ] --START--
INFO: Run Behavior\BuildLiteBehavior [ RunTime:0.000026s ]
INFO: [ app_init ] --END-- [ RunTime:0.000601s ]
ERR: 无法加载模块:Index

[ 2015-09-19T09:00:26+08:00 ] ::1 /thinkPHP/upload_img/index.php/index/uploadify
INFO: [ app_init ] --START--
INFO: Run Behavior\BuildLiteBehavior [ RunTime:0.000033s ]
INFO: [ app_init ] --END-- [ RunTime:0.000752s ]
ERR: 无法加载模块:Index

[ 2015-09-19T09:00:36+08:00 ] ::1 /thinkPHP/upload_img/index.php/index/indedx/uploadify
INFO: [ app_init ] --START--
INFO: Run Behavior\BuildLiteBehavior [ RunTime:0.000030s ]
INFO: [ app_init ] --END-- [ RunTime:0.000538s ]
ERR: 无法加载模块:Index

[ 2015-09-19T09:00:43+08:00 ] ::1 /thinkPHP/upload_img/index.php/index/index/uploadify
INFO: [ app_init ] --START--
INFO: Run Behavior\BuildLiteBehavior [ RunTime:0.000029s ]
INFO: [ app_init ] --END-- [ RunTime:0.000517s ]
ERR: 无法加载模块:Index

[ 2015-09-19T09:03:11+08:00 ] ::1 /thinkPHP/upload_img/index.php/Public/js/jquery.min.js
INFO: [ app_init ] --START--
INFO: Run Behavior\BuildLiteBehavior [ RunTime:0.000046s ]
INFO: [ app_init ] --END-- [ RunTime:0.000727s ]
ERR: 无法加载模块:Public

[ 2015-09-19T09:03:11+08:00 ] ::1 /thinkPHP/upload_img/index.php/Public/uploadify/uploadify.css
INFO: [ app_init ] --START--
INFO: Run Behavior\BuildLiteBehavior [ RunTime:0.000032s ]
INFO: [ app_init ] --END-- [ RunTime:0.000735s ]
ERR: 无法加载模块:Public

[ 2015-09-19T09:03:11+08:00 ] ::1 /thinkPHP/upload_img/index.php/Public/uploadify/jquery.uploadify.min.js
INFO: [ app_init ] --START--
INFO: Run Behavior\BuildLiteBehavior [ RunTime:0.000028s ]
INFO: [ app_init ] --END-- [ RunTime:0.000524s ]
ERR: 无法加载模块:Public

[ 2015-09-19T09:04:15+08:00 ] ::1 /thinkPHP/upload_img/index.php/Public/js/jquery.min.js
INFO: [ app_init ] --START--
INFO: Run Behavior\BuildLiteBehavior [ RunTime:0.000051s ]
INFO: [ app_init ] --END-- [ RunTime:0.001112s ]
ERR: 无法加载模块:Public

[ 2015-09-19T09:04:15+08:00 ] ::1 /thinkPHP/upload_img/index.php/Public/uploadify/uploadify.css
INFO: [ app_init ] --START--
INFO: Run Behavior\BuildLiteBehavior [ RunTime:0.000047s ]
INFO: [ app_init ] --END-- [ RunTime:0.000682s ]
ERR: 无法加载模块:Public

[ 2015-09-19T09:04:15+08:00 ] ::1 /thinkPHP/upload_img/index.php/Public/uploadify/jquery.uploadify.min.js
INFO: [ app_init ] --START--
INFO: Run Behavior\BuildLiteBehavior [ RunTime:0.000037s ]
INFO: [ app_init ] --END-- [ RunTime:0.000580s ]
ERR: 无法加载模块:Public

[ 2015-09-19T09:04:33+08:00 ] ::1 /thinkPHP/upload_img/index.php/Public/uploadify/uploadify.swf?preventswfcaching=1442624673179
INFO: [ app_init ] --START--
INFO: Run Behavior\BuildLiteBehavior [ RunTime:0.000047s ]
INFO: [ app_init ] --END-- [ RunTime:0.000806s ]
ERR: 无法加载模块:Public

[ 2015-09-19T09:04:33+08:00 ] ::1 /thinkPHP/upload_img/index.php/Public/uploadify/uploadify.swf?preventswfcaching=1442624673179
INFO: [ app_init ] --START--
INFO: Run Behavior\BuildLiteBehavior [ RunTime:0.000054s ]
INFO: [ app_init ] --END-- [ RunTime:0.000994s ]
ERR: 无法加载模块:Public

